Using pre-set license
Built from '2020.2/release' branch; Version is '2020.2.2f1 (068178b99f32) revision 426360'; Using compiler version '192528614'; Build Type 'Release'
OS: 'Windows 10 Home; OS build 19041.572; Version 2004; 64bit' Language: 'en' Physical Memory: 16307 MB
BatchMode: 1, IsHumanControllingUs: 0, StartBugReporterOnCrash: 0, Is64bit: 1, IsPro: 0

 COMMAND LINE ARGUMENTS:
D:\Program Files\Unity\Editor\2020.2.2f1\Editor\Unity.exe
-adb2
-batchMode
-noUpm
-name
AssetImportWorker0
-projectPath
D:/UnityProjects/TeamNine-GemDash
-logFile
Logs/AssetImportWorker0.log
-srvPort
51258
Successfully changed project path to: D:/UnityProjects/TeamNine-GemDash
D:/UnityProjects/TeamNine-GemDash
Using Asset Import Pipeline V2.
Refreshing native plugins compatible for Editor in 40.38 ms, found 0 plugins.
Preloading 0 native plugins for Editor in 0.00 ms.
Initialize engine version: 2020.2.2f1 (068178b99f32)
[Subsystems] Discovering subsystems at path D:/Program Files/Unity/Editor/2020.2.2f1/Editor/Data/Resources/UnitySubsystems
[Subsystems] Discovering subsystems at path D:/UnityProjects/TeamNine-GemDash/Assets
GfxDevice: creating device client; threaded=0
Direct3D:
    Version:  Direct3D 11.0 [level 11.1]
    Renderer: NVIDIA GeForce GTX 1080 Ti (ID=0x1b06)
    Vendor:   
    VRAM:     11127 MB
    Driver:   27.21.14.6109
Initialize mono
Mono path[0] = 'D:/Program Files/Unity/Editor/2020.2.2f1/Editor/Data/Managed'
Mono path[1] = 'D:/Program Files/Unity/Editor/2020.2.2f1/Editor/Data/MonoBleedingEdge/lib/mono/unityjit'
Mono config path = 'D:/Program Files/Unity/Editor/2020.2.2f1/Editor/Data/MonoBleedingEdge/etc'
Using monoOptions --debugger-agent=transport=dt_socket,embedding=1,server=y,suspend=n,address=127.0.0.1:56272
Begin MonoManager ReloadAssembly
Registering precompiled unity dll's ...
Register platform support module: D:/Program Files/Unity/Editor/2020.2.2f1/Editor/Data/PlaybackEngines/WebGLSupport/UnityEditor.WebGL.Extensions.dll
Register platform support module: D:/Program Files/Unity/Editor/2020.2.2f1/Editor/Data/PlaybackEngines/WindowsStandaloneSupport/UnityEditor.WindowsStandalone.Extensions.dll
Registered in 0.001102 seconds.
Native extension for WindowsStandalone target not found
Native extension for WebGL target not found
Refreshing native plugins compatible for Editor in 24.58 ms, found 0 plugins.
Preloading 0 native plugins for Editor in 0.00 ms.
Invoked RoslynAnalysisRunner static constructor.
RoslynAnalysisRunner will not be running.
RoslynAnalysisRunner has terminated.
Mono: successfully reloaded assembly
- Completed reload, in  0.802 seconds
Platform modules already initialized, skipping
Registering precompiled user dll's ...
Registered in 0.000462 seconds.
Begin MonoManager ReloadAssembly
Native extension for WindowsStandalone target not found
Native extension for WebGL target not found
Refreshing native plugins compatible for Editor in 0.31 ms, found 0 plugins.
Preloading 0 native plugins for Editor in 0.00 ms.
Invoked RoslynAnalysisRunner static constructor.
RoslynAnalysisRunner will not be running.
RoslynAnalysisRunner has terminated.
Mono: successfully reloaded assembly
- Completed reload, in  0.714 seconds
Platform modules already initialized, skipping
========================================================================
Worker process is ready to serve import requests
Launched and connected shader compiler UnityShaderCompiler.exe after 0.04 seconds
Refreshing native plugins compatible for Editor in 0.35 ms, found 0 plugins.
Preloading 0 native plugins for Editor in 0.00 ms.
Unloading 1303 Unused Serialized files (Serialized files now loaded: 0)
System memory in use before: 64.2 MB.
System memory in use after: 64.3 MB.

Unloading 14 unused Assets to reduce memory usage. Loaded Objects now: 1747.
Total: 1.955300 ms (FindLiveObjects: 0.120600 ms CreateObjectMapping: 0.036700 ms MarkObjects: 1.735300 ms  DeleteObjects: 0.061600 ms)

========================================================================
Received Import Request.
  path: Assets/Scenes
  artifactKey: Guid(55c63e71c8a35e447b1c216adbb28c15) Importer(815301076,1909f56bfc062723c751e8b465ee728b)
Start importing Assets/Scenes using Guid(55c63e71c8a35e447b1c216adbb28c15) Importer(815301076,1909f56bfc062723c751e8b465ee728b)  -> (artifact id: '685160de0596f6aa593055302b02cea6') in 0.029464 seconds
  Import took 0.031238 seconds .

========================================================================
Received Import Request.
  Time since last request: 0.014416 seconds.
  path: Assets/Scenes/Level1.unity
  artifactKey: Guid(2cda990e2423bbf4892e6590ba056729) Importer(815301076,1909f56bfc062723c751e8b465ee728b)
Start importing Assets/Scenes/Level1.unity using Guid(2cda990e2423bbf4892e6590ba056729) Importer(815301076,1909f56bfc062723c751e8b465ee728b)  -> (artifact id: 'c9729dbdbcfd5bedb17c05aa0d43ff39') in 0.011450 seconds
  Import took 0.013853 seconds .

========================================================================
Received Import Request.
  Time since last request: 0.410228 seconds.
  path: Assets/Scenes/Level2.unity
  artifactKey: Guid(1c0dff4d99ed4a44b81a083f77b57fad) Importer(815301076,1909f56bfc062723c751e8b465ee728b)
Start importing Assets/Scenes/Level2.unity using Guid(1c0dff4d99ed4a44b81a083f77b57fad) Importer(815301076,1909f56bfc062723c751e8b465ee728b)  -> (artifact id: 'af9ba98f824095d5f188ebe27824b7a2') in 0.005701 seconds
  Import took 0.007417 seconds .

========================================================================
Received Import Request.
  Time since last request: 229.811384 seconds.
  path: Assets/Sprites/Char.png
  artifactKey: Guid(62279a718c252dc4d879e45004ae1584) Importer(815301076,1909f56bfc062723c751e8b465ee728b)
Start importing Assets/Sprites/Char.png using Guid(62279a718c252dc4d879e45004ae1584) Importer(815301076,1909f56bfc062723c751e8b465ee728b)  -> (artifact id: '00eb1412d58e94ba17aaad47c40ad028') in 0.201571 seconds
  Import took 0.203681 seconds .

========================================================================
Received Import Request.
  Time since last request: 0.000293 seconds.
  path: Assets/Sprites/Square512Dark.png
  artifactKey: Guid(4fae32ae08c2b8d4cbf03886199d1616) Importer(815301076,1909f56bfc062723c751e8b465ee728b)
Start importing Assets/Sprites/Square512Dark.png using Guid(4fae32ae08c2b8d4cbf03886199d1616) Importer(815301076,1909f56bfc062723c751e8b465ee728b)  -> (artifact id: '75c1e253a8958da0983d683339b43d2b') in 0.017994 seconds
  Import took 0.019707 seconds .

========================================================================
Received Import Request.
  Time since last request: 0.000244 seconds.
  path: Assets/Sprites/Square512Light.png
  artifactKey: Guid(719860101adf6694d8ed71f742bf2539) Importer(815301076,1909f56bfc062723c751e8b465ee728b)
Start importing Assets/Sprites/Square512Light.png using Guid(719860101adf6694d8ed71f742bf2539) Importer(815301076,1909f56bfc062723c751e8b465ee728b)  -> (artifact id: 'ff2a188f2fc78a50c3758a41380a595f') in 0.057259 seconds
  Import took 0.059000 seconds .

========================================================================
Received Import Request.
  Time since last request: 0.000231 seconds.
  path: Assets/Sprites/SquareTile.png
  artifactKey: Guid(f61645413bc310c4caedbfbed61b756f) Importer(815301076,1909f56bfc062723c751e8b465ee728b)
Start importing Assets/Sprites/SquareTile.png using Guid(f61645413bc310c4caedbfbed61b756f) Importer(815301076,1909f56bfc062723c751e8b465ee728b)  -> (artifact id: '1cf8ef1855fc3510ccbcb2fd6c3de9a1') in 0.012537 seconds
  Import took 0.014683 seconds .

========================================================================
Received Import Request.
  Time since last request: 0.000186 seconds.
  path: Assets/Sprites/Square512.png
  artifactKey: Guid(02fc4f2c507af184e9b25ed051736803) Importer(815301076,1909f56bfc062723c751e8b465ee728b)
Start importing Assets/Sprites/Square512.png using Guid(02fc4f2c507af184e9b25ed051736803) Importer(815301076,1909f56bfc062723c751e8b465ee728b)  -> (artifact id: '6ba8344f6efe18395348f956865afd72') in 0.009571 seconds
  Import took 0.011489 seconds .

========================================================================
Received Import Request.
  Time since last request: 7.467165 seconds.
  path: Assets/Prefabs/Base.prefab
  artifactKey: Guid(1d096467bd11505479937aff780e5cd2) Importer(815301076,1909f56bfc062723c751e8b465ee728b)
Start importing Assets/Prefabs/Base.prefab using Guid(1d096467bd11505479937aff780e5cd2) Importer(815301076,1909f56bfc062723c751e8b465ee728b)  -> (artifact id: '571f67b4eaf674f92254ac2b8acf4e2b') in 0.142393 seconds
  Import took 0.163398 seconds .

========================================================================
Received Import Request.
  Time since last request: 0.000245 seconds.
  path: Assets/Prefabs/DashGem.prefab
  artifactKey: Guid(8f5b452a722246d4d92d7ab9e88d1775) Importer(815301076,1909f56bfc062723c751e8b465ee728b)
Start importing Assets/Prefabs/DashGem.prefab using Guid(8f5b452a722246d4d92d7ab9e88d1775) Importer(815301076,1909f56bfc062723c751e8b465ee728b)  -> (artifact id: 'c98e7005af84815172ce9bdffe74cdc8') in 0.013226 seconds
  Import took 0.015262 seconds .

========================================================================
Received Import Request.
  Time since last request: 0.000223 seconds.
  path: Assets/Prefabs/Player.prefab
  artifactKey: Guid(b238e594f938cc640a8c0695257f5a67) Importer(815301076,1909f56bfc062723c751e8b465ee728b)
Start importing Assets/Prefabs/Player.prefab using Guid(b238e594f938cc640a8c0695257f5a67) Importer(815301076,1909f56bfc062723c751e8b465ee728b)  -> (artifact id: 'ffffd34b32ecd5c090845feda5a658dc') in 0.013122 seconds
  Import took 0.015210 seconds .

========================================================================
Received Import Request.
  Time since last request: 0.000192 seconds.
  path: Assets/Prefabs/PlayerGoal.prefab
  artifactKey: Guid(fbf1327cb05e93146a4767d6fc3459b0) Importer(815301076,1909f56bfc062723c751e8b465ee728b)
Start importing Assets/Prefabs/PlayerGoal.prefab using Guid(fbf1327cb05e93146a4767d6fc3459b0) Importer(815301076,1909f56bfc062723c751e8b465ee728b)  -> (artifact id: '62e789849916db9c694b9065a327a6e1') in 0.013054 seconds
  Import took 0.015885 seconds .

========================================================================
Received Prepare
Registering precompiled user dll's ...
Registered in 0.000492 seconds.
Begin MonoManager ReloadAssembly
Native extension for WindowsStandalone target not found
Native extension for WebGL target not found
Refreshing native plugins compatible for Editor in 0.20 ms, found 0 plugins.
Preloading 0 native plugins for Editor in 0.00 ms.
Invoked RoslynAnalysisRunner static constructor.
RoslynAnalysisRunner will not be running.
RoslynAnalysisRunner has terminated.
Mono: successfully reloaded assembly
- Completed reload, in  0.670 seconds
Platform modules already initialized, skipping
Refreshing native plugins compatible for Editor in 0.20 ms, found 0 plugins.
Preloading 0 native plugins for Editor in 0.00 ms.
Unloading 1286 Unused Serialized files (Serialized files now loaded: 0)
System memory in use before: 66.9 MB.
System memory in use after: 67.0 MB.

Unloading 5 unused Assets to reduce memory usage. Loaded Objects now: 1759.
Total: 1.583000 ms (FindLiveObjects: 0.125300 ms CreateObjectMapping: 0.034700 ms MarkObjects: 1.409900 ms  DeleteObjects: 0.012300 ms)

========================================================================
Received Prepare
Registering precompiled user dll's ...
Registered in 0.000523 seconds.
Begin MonoManager ReloadAssembly
Native extension for WindowsStandalone target not found
Native extension for WebGL target not found
Refreshing native plugins compatible for Editor in 0.22 ms, found 0 plugins.
Preloading 0 native plugins for Editor in 0.00 ms.
Invoked RoslynAnalysisRunner static constructor.
RoslynAnalysisRunner will not be running.
RoslynAnalysisRunner has terminated.
Mono: successfully reloaded assembly
- Completed reload, in  0.625 seconds
Platform modules already initialized, skipping
Refreshing native plugins compatible for Editor in 0.20 ms, found 0 plugins.
Preloading 0 native plugins for Editor in 0.00 ms.
Unloading 1285 Unused Serialized files (Serialized files now loaded: 0)
System memory in use before: 67.0 MB.
System memory in use after: 67.1 MB.

Unloading 5 unused Assets to reduce memory usage. Loaded Objects now: 1761.
Total: 1.777200 ms (FindLiveObjects: 0.147900 ms CreateObjectMapping: 0.037500 ms MarkObjects: 1.575800 ms  DeleteObjects: 0.014900 ms)

========================================================================
Received Prepare
Registering precompiled user dll's ...
Registered in 0.000474 seconds.
Begin MonoManager ReloadAssembly
Native extension for WindowsStandalone target not found
Native extension for WebGL target not found
Refreshing native plugins compatible for Editor in 0.30 ms, found 0 plugins.
Preloading 0 native plugins for Editor in 0.00 ms.
Invoked RoslynAnalysisRunner static constructor.
RoslynAnalysisRunner will not be running.
RoslynAnalysisRunner has terminated.
Mono: successfully reloaded assembly
- Completed reload, in  0.679 seconds
Platform modules already initialized, skipping
Refreshing native plugins compatible for Editor in 0.20 ms, found 0 plugins.
Preloading 0 native plugins for Editor in 0.00 ms.
Unloading 1285 Unused Serialized files (Serialized files now loaded: 0)
System memory in use before: 67.1 MB.
System memory in use after: 67.2 MB.

Unloading 5 unused Assets to reduce memory usage. Loaded Objects now: 1763.
Total: 1.563200 ms (FindLiveObjects: 0.128200 ms CreateObjectMapping: 0.036600 ms MarkObjects: 1.384300 ms  DeleteObjects: 0.012900 ms)

========================================================================
Received Prepare
Registering precompiled user dll's ...
Registered in 0.000464 seconds.
Begin MonoManager ReloadAssembly
Native extension for WindowsStandalone target not found
Native extension for WebGL target not found
Refreshing native plugins compatible for Editor in 0.25 ms, found 0 plugins.
Preloading 0 native plugins for Editor in 0.00 ms.
Invoked RoslynAnalysisRunner static constructor.
RoslynAnalysisRunner will not be running.
RoslynAnalysisRunner has terminated.
Mono: successfully reloaded assembly
- Completed reload, in  0.638 seconds
Platform modules already initialized, skipping
Refreshing native plugins compatible for Editor in 0.24 ms, found 0 plugins.
Preloading 0 native plugins for Editor in 0.00 ms.
Unloading 1285 Unused Serialized files (Serialized files now loaded: 0)
System memory in use before: 67.3 MB.
System memory in use after: 67.4 MB.

Unloading 5 unused Assets to reduce memory usage. Loaded Objects now: 1765.
Total: 1.638600 ms (FindLiveObjects: 0.133800 ms CreateObjectMapping: 0.039600 ms MarkObjects: 1.451500 ms  DeleteObjects: 0.012900 ms)

========================================================================
Received Prepare
Registering precompiled user dll's ...
Registered in 0.000816 seconds.
Begin MonoManager ReloadAssembly
Native extension for WindowsStandalone target not found
Native extension for WebGL target not found
Refreshing native plugins compatible for Editor in 0.27 ms, found 0 plugins.
Preloading 0 native plugins for Editor in 0.00 ms.
Invoked RoslynAnalysisRunner static constructor.
RoslynAnalysisRunner will not be running.
RoslynAnalysisRunner has terminated.
Mono: successfully reloaded assembly
- Completed reload, in  0.781 seconds
Platform modules already initialized, skipping
Refreshing native plugins compatible for Editor in 0.33 ms, found 0 plugins.
Preloading 0 native plugins for Editor in 0.00 ms.
Unloading 1285 Unused Serialized files (Serialized files now loaded: 0)
System memory in use before: 67.4 MB.
System memory in use after: 67.5 MB.

Unloading 5 unused Assets to reduce memory usage. Loaded Objects now: 1767.
Total: 1.771700 ms (FindLiveObjects: 0.149800 ms CreateObjectMapping: 0.035100 ms MarkObjects: 1.571500 ms  DeleteObjects: 0.014300 ms)

========================================================================
Received Import Request.
  Time since last request: 647.085988 seconds.
  path: Assets/Scenes/Level2 1.unity
  artifactKey: Guid(6f7bdf9eb70f5ca43ad4ed78ec89e184) Importer(815301076,1909f56bfc062723c751e8b465ee728b)
Start importing Assets/Scenes/Level2 1.unity using Guid(6f7bdf9eb70f5ca43ad4ed78ec89e184) Importer(815301076,1909f56bfc062723c751e8b465ee728b)  -> (artifact id: 'abcbc3b394d1e0a36d85388eb2cc8aea') in 0.015140 seconds
  Import took 0.017806 seconds .

========================================================================
Received Import Request.
  Time since last request: 11.366781 seconds.
  path: Assets/Scenes/Level3.unity
  artifactKey: Guid(6f7bdf9eb70f5ca43ad4ed78ec89e184) Importer(815301076,1909f56bfc062723c751e8b465ee728b)
Start importing Assets/Scenes/Level3.unity using Guid(6f7bdf9eb70f5ca43ad4ed78ec89e184) Importer(815301076,1909f56bfc062723c751e8b465ee728b)  -> (artifact id: '703780f29833f421e3fa87c7b99c57f1') in 0.005038 seconds
  Import took 0.006948 seconds .

========================================================================
Received Import Request.
  Time since last request: 59.340891 seconds.
  path: Assets/Scenes/Level3Eysteinn.unity
  artifactKey: Guid(6f7bdf9eb70f5ca43ad4ed78ec89e184) Importer(815301076,1909f56bfc062723c751e8b465ee728b)
Start importing Assets/Scenes/Level3Eysteinn.unity using Guid(6f7bdf9eb70f5ca43ad4ed78ec89e184) Importer(815301076,1909f56bfc062723c751e8b465ee728b)  -> (artifact id: 'f94b698eceb0f51e1aca10b1adeca533') in 0.005904 seconds
  Import took 0.007999 seconds .

